<?xml version="1.0" encoding="UTF-8"?>
<!-- Generated by org.testng.reporters.JUnitReportReporter -->
<testsuite hostname="DESKTOP-AFLA796" failures="0" tests="1" name="testng.TestCase1" time="21.805" errors="0" timestamp="2022-06-12T13:04:39 IST" skipped="0">
  <testcase classname="testng.TestCase1" name="tc1" time="21.805"/>
  <system-out>
    <![CDATA[Facebook – log in or sign up
https://www.facebook.com/login/?privacy_mutation_token=eyJ0eXBlIjowLCJjcmVhdGlvbl90aW1lIjoxNjU1MDE5MjU5LCJjYWxsc2l0ZV9pZCI6MzgxMjI5MDc5NTc1OTQ2fQ%3D%3D]]>
  </system-out>
</testsuite> <!-- testng.TestCase1 -->
