<?xml version="1.0" encoding="UTF-8"?>
<testng-results ignored="0" total="1" passed="1" failed="0" skipped="0">
  <reporter-output>
    <line>
      <![CDATA[Forgotten Password | Can't Log In | Facebook]]>
    </line>
    <line>
      <![CDATA[https://www.facebook.com/login/identify/?ctx=recover&ars=facebook_login&from_login_screen=0]]>
    </line>
  </reporter-output>
  <suite started-at="2022-06-13T04:42:32 IST" name="Default suite" finished-at="2022-06-13T04:42:40 IST" duration-ms="7911">
    <groups>
    </groups>
    <test started-at="2022-06-13T04:42:32 IST" name="Default test" finished-at="2022-06-13T04:42:40 IST" duration-ms="7911">
      <class name="testng.TeatCase2">
        <test-method is-config="true" signature="openApp()[pri:0, instance:testng.TeatCase2@4ddced80]" started-at="2022-06-13T04:42:32 IST" name="openApp" finished-at="2022-06-13T04:42:38 IST" duration-ms="5516" status="PASS">
          <reporter-output>
          </reporter-output>
        </test-method> <!-- openApp -->
        <test-method signature="tc2()[pri:0, instance:testng.TeatCase2@4ddced80]" started-at="2022-06-13T04:42:38 IST" name="tc2" finished-at="2022-06-13T04:42:39 IST" duration-ms="1696" status="PASS">
          <reporter-output>
            <line>
              <![CDATA[Forgotten Password | Can't Log In | Facebook]]>
            </line>
            <line>
              <![CDATA[https://www.facebook.com/login/identify/?ctx=recover&ars=facebook_login&from_login_screen=0]]>
            </line>
          </reporter-output>
        </test-method> <!-- tc2 -->
        <test-method is-config="true" signature="closeApp()[pri:0, instance:testng.TeatCase2@4ddced80]" started-at="2022-06-13T04:42:39 IST" name="closeApp" finished-at="2022-06-13T04:42:40 IST" duration-ms="655" status="PASS">
          <reporter-output>
          </reporter-output>
        </test-method> <!-- closeApp -->
      </class> <!-- testng.TeatCase2 -->
    </test> <!-- Default test -->
  </suite> <!-- Default suite -->
</testng-results>
